Release 9.1i Map J.30
Xilinx Mapping Report File for Design 'CPU'

Design Information
------------------
Command Line   : C:\Xilinx91i\bin\nt\map.exe -ise F:/CPU/CPU.ise -intstyle ise
-p xcv200-pq240-4 -cm area -pr b -k 4 -c 100 -tx off -o CPU_map.ncd CPU.ngd
CPU.pcf 
Target Device  : xcv200
Target Package : pq240
Target Speed   : -4
Mapper Version : virtex -- $Revision: 1.36 $
Mapped Date    : Sat Aug 01 17:38:20 2015

Design Summary
--------------
Number of errors:      0
Number of warnings:    2
Logic Utilization:
  Total Number Slice Registers:     207 out of  4,704    4%
    Number used as Flip Flops:                      4
    Number used as Latches:                       203
  Number of 4 input LUTs:           464 out of  4,704    9%
Logic Distribution:
    Number of occupied Slices:                         287 out of  2,352   12%
    Number of Slices containing only related logic:    287 out of    287  100%
    Number of Slices containing unrelated logic:         0 out of    287    0%
        *See NOTES below for an explanation of the effects of unrelated logic
Total Number of 4 input LUTs:          479 out of  4,704   10%
      Number used as logic:                       464
      Number used as a route-thru:                 15
   Number of bonded IOBs:           111 out of    166   66%
      IOB Latches:                                 24
   Number of GCLKs:                   1 out of      4   25%
   Number of GCLKIOBs:                1 out of      4   25%

Total equivalent gate count for design:  4,383
Additional JTAG gate count for IOBs:  5,376
Peak Memory Usage:  135 MB
Total REAL time to MAP completion:  27 secs 
Total CPU time to MAP completion:   1 secs 

NOTES:

   Related logic is defined as being logic that shares connectivity - e.g. two
   LUTs are "related" if they share common inputs.  When assembling slices,
   Map gives priority to combine logic that is related.  Doing so results in
   the best timing performance.

   Unrelated logic shares no connectivity.  Map will only begin packing
   unrelated logic into a slice once 99% of the slices are occupied through
   related logic packing.

   Note that once logic distribution reaches the 99% level through related
   logic packing, this does not mean the device is completely utilized.
   Unrelated logic packing will then begin, continuing until all usable LUTs
   and FFs are occupied.  Depending on your timing budget, increased levels of
   unrelated logic packing may adversely affect the overall timing performance
   of your design.

Table of Contents
-----------------
Section 1 - Errors
Section 2 - Warnings
Section 3 - Informational
Section 4 - Removed Logic Summary
Section 5 - Removed Logic
Section 6 - IOB Properties
Section 7 - RPMs
Section 8 - Guide Report
Section 9 - Area Group and Partition Summary
Section 10 - Modular Design Summary
Section 11 - Timing Report
Section 12 - Configuration String Information

Section 1 - Errors
------------------

Section 2 - Warnings
--------------------
WARNING:PhysDesignRules:372 - Gated clock. Clock net alupart/CF_cmp_eq0000 is
   sourced by a combinatorial pin. This is not good design practice. Use the CE
   pin to control the loading of data into the flip-flop.
WARNING:PhysDesignRules:372 - Gated clock. Clock net alupart/R_0_not0001 is
   sourced by a combinatorial pin. This is not good design practice. Use the CE
   pin to control the loading of data into the flip-flop.

Section 3 - Informational
-------------------------
INFO:MapLib:562 - No environment variables are currently set.
INFO:LIT:244 - All of the single ended outputs in this design are using slew
   rate limited output drivers. The delay on speed critical single ended outputs
   can be dramatically reduced by designating them as fast outputs in the
   schematic.

Section 4 - Removed Logic Summary
---------------------------------
   2 block(s) optimized away

Section 5 - Removed Logic
-------------------------

Optimized Block(s):
TYPE 		BLOCK
GND 		XST_GND
VCC 		XST_VCC

To enable printing of redundant blocks removed and signals merged, set the
detailed map report option and rerun map.

Section 6 - IOB Properties
--------------------------

+------------------------------------------------------------------------------------------------------------------------+
| IOB Name                           | Type    | Direction | IO Standard | Drive    | Slew | Reg (s)  | Resistor | IOB   |
|                                    |         |           |             | Strength | Rate |          |          | Delay |
+------------------------------------------------------------------------------------------------------------------------+
| CLK                                | GCLKIOB | INPUT     | LVTTL       |          |      |          |          |       |
| ABUS<0>                            | IOB     | OUTPUT    | LVTTL       | 12       | SLOW |          |          |       |
| ABUS<1>                            | IOB     | OUTPUT    | LVTTL       | 12       | SLOW |          |          |       |
| ABUS<2>                            | IOB     | OUTPUT    | LVTTL       | 12       | SLOW |          |          |       |
| ABUS<3>                            | IOB     | OUTPUT    | LVTTL       | 12       | SLOW |          |          |       |
| ABUS<4>                            | IOB     | OUTPUT    | LVTTL       | 12       | SLOW |          |          |       |
| ABUS<5>                            | IOB     | OUTPUT    | LVTTL       | 12       | SLOW |          |          |       |
| ABUS<6>                            | IOB     | OUTPUT    | LVTTL       | 12       | SLOW |          |          |       |
| ABUS<7>                            | IOB     | OUTPUT    | LVTTL       | 12       | SLOW |          |          |       |
| ABUS<8>                            | IOB     | OUTPUT    | LVTTL       | 12       | SLOW |          |          |       |
| ABUS<9>                            | IOB     | OUTPUT    | LVTTL       | 12       | SLOW |          |          |       |
| ABUS<10>                           | IOB     | OUTPUT    | LVTTL       | 12       | SLOW |          |          |       |
| ABUS<11>                           | IOB     | OUTPUT    | LVTTL       | 12       | SLOW |          |          |       |
| ABUS<12>                           | IOB     | OUTPUT    | LVTTL       | 12       | SLOW |          |          |       |
| ABUS<13>                           | IOB     | OUTPUT    | LVTTL       | 12       | SLOW |          |          |       |
| ABUS<14>                           | IOB     | OUTPUT    | LVTTL       | 12       | SLOW |          |          |       |
| ABUS<15>                           | IOB     | OUTPUT    | LVTTL       | 12       | SLOW |          |          |       |
| DBUS<0>                            | IOB     | BIDIR     | LVTTL       | 12       | SLOW | INLATCH  |          | IFD   |
| DBUS<1>                            | IOB     | BIDIR     | LVTTL       | 12       | SLOW | INLATCH  |          | IFD   |
| DBUS<2>                            | IOB     | BIDIR     | LVTTL       | 12       | SLOW | INLATCH  |          | IFD   |
| DBUS<3>                            | IOB     | BIDIR     | LVTTL       | 12       | SLOW | INLATCH  |          | IFD   |
| DBUS<4>                            | IOB     | BIDIR     | LVTTL       | 12       | SLOW | INLATCH  |          | IFD   |
| DBUS<5>                            | IOB     | BIDIR     | LVTTL       | 12       | SLOW | INLATCH  |          | IFD   |
| DBUS<6>                            | IOB     | BIDIR     | LVTTL       | 12       | SLOW | INLATCH  |          | IFD   |
| DBUS<7>                            | IOB     | BIDIR     | LVTTL       | 12       | SLOW | INLATCH  |          | IFD   |
| DBUS<8>                            | IOB     | BIDIR     | LVTTL       | 12       | SLOW | INLATCH  |          | IFD   |
| DBUS<9>                            | IOB     | BIDIR     | LVTTL       | 12       | SLOW | INLATCH  |          | IFD   |
| DBUS<10>                           | IOB     | BIDIR     | LVTTL       | 12       | SLOW | INLATCH  |          | IFD   |
| DBUS<11>                           | IOB     | BIDIR     | LVTTL       | 12       | SLOW | INLATCH  |          | IFD   |
| DBUS<12>                           | IOB     | BIDIR     | LVTTL       | 12       | SLOW | INLATCH  |          | IFD   |
| DBUS<13>                           | IOB     | BIDIR     | LVTTL       | 12       | SLOW | INLATCH  |          | IFD   |
| DBUS<14>                           | IOB     | BIDIR     | LVTTL       | 12       | SLOW | INLATCH  |          | IFD   |
| DBUS<15>                           | IOB     | BIDIR     | LVTTL       | 12       | SLOW | INLATCH  |          | IFD   |
| IOAD<0>                            | IOB     | OUTPUT    | LVTTL       | 12       | SLOW |          |          |       |
| IOAD<1>                            | IOB     | OUTPUT    | LVTTL       | 12       | SLOW |          |          |       |
| IODB<0>                            | IOB     | OUTPUT    | LVTTL       | 12       | SLOW | OUTLATCH |          |       |
| IODB<1>                            | IOB     | OUTPUT    | LVTTL       | 12       | SLOW | OUTLATCH |          |       |
| IODB<2>                            | IOB     | OUTPUT    | LVTTL       | 12       | SLOW | OUTLATCH |          |       |
| IODB<3>                            | IOB     | OUTPUT    | LVTTL       | 12       | SLOW | OUTLATCH |          |       |
| IODB<4>                            | IOB     | OUTPUT    | LVTTL       | 12       | SLOW | OUTLATCH |          |       |
| IODB<5>                            | IOB     | OUTPUT    | LVTTL       | 12       | SLOW | OUTLATCH |          |       |
| IODB<6>                            | IOB     | OUTPUT    | LVTTL       | 12       | SLOW | OUTLATCH |          |       |
| IODB<7>                            | IOB     | OUTPUT    | LVTTL       | 12       | SLOW | OUTLATCH |          |       |
| IODK<0>                            | IOB     | INPUT     | LVTTL       |          |      |          |          |       |
| IODK<1>                            | IOB     | INPUT     | LVTTL       |          |      |          |          |       |
| IODK<2>                            | IOB     | INPUT     | LVTTL       |          |      |          |          |       |
| IODK<3>                            | IOB     | INPUT     | LVTTL       |          |      |          |          |       |
| IODK<4>                            | IOB     | INPUT     | LVTTL       |          |      |          |          |       |
| IODK<5>                            | IOB     | INPUT     | LVTTL       |          |      |          |          |       |
| IODK<6>                            | IOB     | INPUT     | LVTTL       |          |      |          |          |       |
| IODK<7>                            | IOB     | INPUT     | LVTTL       |          |      |          |          |       |
| RST                                | IOB     | INPUT     | LVTTL       |          |      |          |          |       |
| faddr<0>                           | IOB     | OUTPUT    | LVTTL       | 12       | SLOW |          |          |       |
| faddr<1>                           | IOB     | OUTPUT    | LVTTL       | 12       | SLOW |          |          |       |
| faddr<2>                           | IOB     | OUTPUT    | LVTTL       | 12       | SLOW |          |          |       |
| faddr<3>                           | IOB     | OUTPUT    | LVTTL       | 12       | SLOW |          |          |       |
| faddr<4>                           | IOB     | OUTPUT    | LVTTL       | 12       | SLOW |          |          |       |
| faddr<5>                           | IOB     | OUTPUT    | LVTTL       | 12       | SLOW |          |          |       |
| faddr<6>                           | IOB     | OUTPUT    | LVTTL       | 12       | SLOW |          |          |       |
| faddr<7>                           | IOB     | OUTPUT    | LVTTL       | 12       | SLOW |          |          |       |
| faddr<8>                           | IOB     | OUTPUT    | LVTTL       | 12       | SLOW |          |          |       |
| faddr<9>                           | IOB     | OUTPUT    | LVTTL       | 12       | SLOW |          |          |       |
| faddr<10>                          | IOB     | OUTPUT    | LVTTL       | 12       | SLOW |          |          |       |
| faddr<11>                          | IOB     | OUTPUT    | LVTTL       | 12       | SLOW |          |          |       |
| faddr<12>                          | IOB     | OUTPUT    | LVTTL       | 12       | SLOW |          |          |       |
| faddr<13>                          | IOB     | OUTPUT    | LVTTL       | 12       | SLOW |          |          |       |
| faddr<14>                          | IOB     | OUTPUT    | LVTTL       | 12       | SLOW |          |          |       |
| faddr<15>                          | IOB     | OUTPUT    | LVTTL       | 12       | SLOW |          |          |       |
| fclk<0>                            | IOB     | OUTPUT    | LVTTL       | 12       | SLOW |          |          |       |
| fclk<1>                            | IOB     | OUTPUT    | LVTTL       | 12       | SLOW |          |          |       |
| fclk<2>                            | IOB     | OUTPUT    | LVTTL       | 12       | SLOW |          |          |       |
| fclk<3>                            | IOB     | OUTPUT    | LVTTL       | 12       | SLOW |          |          |       |
| fdata<0>                           | IOB     | OUTPUT    | LVTTL       | 12       | SLOW |          |          |       |
| fdata<1>                           | IOB     | OUTPUT    | LVTTL       | 12       | SLOW |          |          |       |
| fdata<2>                           | IOB     | OUTPUT    | LVTTL       | 12       | SLOW |          |          |       |
| fdata<3>                           | IOB     | OUTPUT    | LVTTL       | 12       | SLOW |          |          |       |
| fdata<4>                           | IOB     | OUTPUT    | LVTTL       | 12       | SLOW |          |          |       |
| fdata<5>                           | IOB     | OUTPUT    | LVTTL       | 12       | SLOW |          |          |       |
| fdata<6>                           | IOB     | OUTPUT    | LVTTL       | 12       | SLOW |          |          |       |
| fdata<7>                           | IOB     | OUTPUT    | LVTTL       | 12       | SLOW |          |          |       |
| fdata<8>                           | IOB     | OUTPUT    | LVTTL       | 12       | SLOW |          |          |       |
| fdata<9>                           | IOB     | OUTPUT    | LVTTL       | 12       | SLOW |          |          |       |
| fdata<10>                          | IOB     | OUTPUT    | LVTTL       | 12       | SLOW |          |          |       |
| fdata<11>                          | IOB     | OUTPUT    | LVTTL       | 12       | SLOW |          |          |       |
| fdata<12>                          | IOB     | OUTPUT    | LVTTL       | 12       | SLOW |          |          |       |
| fdata<13>                          | IOB     | OUTPUT    | LVTTL       | 12       | SLOW |          |          |       |
| fdata<14>                          | IOB     | OUTPUT    | LVTTL       | 12       | SLOW |          |          |       |
| fdata<15>                          | IOB     | OUTPUT    | LVTTL       | 12       | SLOW |          |          |       |
| fir<0>                             | IOB     | OUTPUT    | LVTTL       | 12       | SLOW |          |          |       |
| fir<1>                             | IOB     | OUTPUT    | LVTTL       | 12       | SLOW |          |          |       |
| fir<2>                             | IOB     | OUTPUT    | LVTTL       | 12       | SLOW |          |          |       |
| fir<3>                             | IOB     | OUTPUT    | LVTTL       | 12       | SLOW |          |          |       |
| fir<4>                             | IOB     | OUTPUT    | LVTTL       | 12       | SLOW |          |          |       |
| fir<5>                             | IOB     | OUTPUT    | LVTTL       | 12       | SLOW |          |          |       |
| fir<6>                             | IOB     | OUTPUT    | LVTTL       | 12       | SLOW |          |          |       |
| fir<7>                             | IOB     | OUTPUT    | LVTTL       | 12       | SLOW |          |          |       |
| fir<8>                             | IOB     | OUTPUT    | LVTTL       | 12       | SLOW |          |          |       |
| fir<9>                             | IOB     | OUTPUT    | LVTTL       | 12       | SLOW |          |          |       |
| fir<10>                            | IOB     | OUTPUT    | LVTTL       | 12       | SLOW |          |          |       |
| fir<11>                            | IOB     | OUTPUT    | LVTTL       | 12       | SLOW |          |          |       |
| fir<12>                            | IOB     | OUTPUT    | LVTTL       | 12       | SLOW |          |          |       |
| fir<13>                            | IOB     | OUTPUT    | LVTTL       | 12       | SLOW |          |          |       |
| fir<14>                            | IOB     | OUTPUT    | LVTTL       | 12       | SLOW |          |          |       |
| fir<15>                            | IOB     | OUTPUT    | LVTTL       | 12       | SLOW |          |          |       |
| nBHE                               | IOB     | OUTPUT    | LVTTL       | 12       | SLOW |          |          |       |
| nBLE                               | IOB     | OUTPUT    | LVTTL       | 12       | SLOW |          |          |       |
| nMREQ                              | IOB     | OUTPUT    | LVTTL       | 12       | SLOW |          |          |       |
| nPRD                               | IOB     | OUTPUT    | LVTTL       | 12       | SLOW |          |          |       |
| nPREQ                              | IOB     | OUTPUT    | LVTTL       | 12       | SLOW |          |          |       |
| nPWR                               | IOB     | OUTPUT    | LVTTL       | 12       | SLOW |          |          |       |
| nRD                                | IOB     | OUTPUT    | LVTTL       | 12       | SLOW |          |          |       |
| nWR                                | IOB     | OUTPUT    | LVTTL       | 12       | SLOW |          |          |       |
+------------------------------------------------------------------------------------------------------------------------+

Section 7 - RPMs
----------------

Section 8 - Guide Report
------------------------
Guide not run on this design.

Section 9 - Area Group and Partition Summary
--------------------------------------------

Partition Implementation Status
-------------------------------

  No Partitions were found in this design.

-------------------------------

Area Group Information
----------------------

  No area groups were found in this design.

----------------------

Section 10 - Modular Design Summary
-----------------------------------
Modular Design not used for this design.

Section 11 - Timing Report
--------------------------
No timing report for this architecture.

Section 12 - Configuration String Details
-----------------------------------------
Use the "-detail" map option to print out Configuration Strings
