Running: E:\Xilinx\14.7\ISE_DS\ISE\bin\nt64\unwrapped\fuse.exe -intstyle ise -incremental -lib secureip -o G:/Intel/inteltb_isim_beh.exe -prj G:/Intel/inteltb_beh.prj work.inteltb 
ISim P.20131013 (signature 0x7708f090)
Number of CPUs detected in this system: 4
Turning on mult-threading, number of parallel sub-compilation jobs: 8 
Determining compilation order of HDL files
Parsing VHDL file "G:/Intel/RAM.vhd" into library work
Parsing VHDL file "G:/Intel/inteltb.vhd" into library work
Starting static elaboration
Completed static elaboration
Compiling package standard
Compiling package std_logic_1164
Compiling package std_logic_arith
Compiling package std_logic_unsigned
Compiling architecture behavioral of entity RAM [ram_default]
Compiling architecture behavior of entity inteltb
Time Resolution for simulation is 1ps.
Compiled 7 VHDL Units
Built simulation executable G:/Intel/inteltb_isim_beh.exe
Fuse Memory Usage: 32360 KB
Fuse CPU Usage: 609 ms
